
     ######################################################################
   ##########################################################################
  ###                                                                      ###
 ###            TINKER  ---  Software Tools for Molecular Design            ###
 ##                                                                          ##
 ##                        Version 6.3  February 2014                        ##
 ##                                                                          ##
 ##               Copyright (c)  Jay William Ponder  1990-2014               ##
 ###                           All Rights Reserved                          ###
  ###                                                                      ###
   ##########################################################################
     ######################################################################


 Steepest Descent Gradient Optimization :

 SD Iter     F Value      G RMS     F Move    X Move   Angle  FG Call  Comment

     0    -4785.3920    25.9950                                   1
   100    -6058.1880     0.5251     0.2069    0.0002    0.00    157    Success 
   200    -6151.2453     0.4981     0.3378    0.0006    0.00    324    Success 
   300    -6203.5818     0.2436     0.1618    0.0003    0.00    492    Success 
   400    -6236.2289     0.2911     0.0917    0.0003    0.00    656    Success 
   500    -6257.5238     0.1579     0.0285    0.0001    0.00    821    Success 
   600    -6276.4367     0.1914     0.0438    0.0001    0.00    987    Success 
   700    -6289.1864     0.1401     0.0233    0.0001    0.00   1151    Success 
   800    -6301.6785     0.1404     0.0490    0.0002    0.00   1318    Success 
   825    -6302.9555     0.1301     0.0000    0.0000    0.00   1403   BadIntpln

 LBFGS  --  Incomplete Convergence due to BadIntpln

 Final Function Value :        -6302.9555
 Final RMS Gradient :              0.1301
 Final Gradient Norm :             5.9591
