
     ######################################################################
   ##########################################################################
  ###                                                                      ###
 ###            TINKER  ---  Software Tools for Molecular Design            ###
 ##                                                                          ##
 ##                        Version 6.3  February 2014                        ##
 ##                                                                          ##
 ##               Copyright (c)  Jay William Ponder  1990-2014               ##
 ###                           All Rights Reserved                          ###
  ###                                                                      ###
   ##########################################################################
     ######################################################################


 Limited Memory BFGS Quasi-Newton Optimization :

 QN Iter     F Value      G RMS     F Move    X Move   Angle  FG Call  Comment

     0    -6302.9555     0.1301                                   1
   100    -6372.9921     0.5236     0.3395    0.0045   83.02    109    Success 
   200    -6392.4217     0.2941     0.1326    0.0034   84.76    209    Success 
   300    -6400.5895     0.2071     0.0592    0.0021   82.44    309    Success 
   400    -6404.9712     0.1378     0.0399    0.0013   82.49    409    Success 
   500    -6407.9934     0.1229     0.0228    0.0016   86.18    509    Success 
   600    -6409.8327     0.1233     0.0161    0.0010   83.91    609    Success 
   700    -6411.1610     0.0806     0.0120    0.0011   84.95    709    Success 
   800    -6412.2592     0.1652     0.0219    0.0020   85.37    809    Success 
   900    -6414.0249     0.0872     0.0133    0.0010   84.00    909    Success 
  1000    -6414.9552     0.1399     0.0139    0.0021   85.60   1009    Success 
  1100    -6415.8699     0.0686     0.0055    0.0006   83.82   1109    Success 
  1200    -6416.3716     0.0599     0.0059    0.0005   81.12   1209    Success 
  1300    -6417.0755     0.1066     0.0119    0.0025   87.75   1309    Success 
  1400    -6420.7596     0.2223     0.0707    0.0022   84.95   1409    Success 
  1500    -6423.8844     0.0633     0.0065    0.0002   74.42   1509    Success 
  1600    -6424.6323     0.0517     0.0050    0.0003   81.73   1609    Success 
  1700    -6425.0235     0.0519     0.0027    0.0006   83.18   1709    Success 
  1800    -6425.3195     0.0551     0.0032    0.0009   86.44   1809    Success 
  1900    -6425.6219     0.0470     0.0025    0.0007   86.18   1909    Success 
  2000    -6425.9015     0.0785     0.0042    0.0006   82.63   2009    Success 
  2100    -6426.2404     0.0488     0.0050    0.0008   84.62   2109    Success 
  2200    -6426.5507     0.0453     0.0022    0.0004   84.91   2209    Success 
  2300    -6426.8028     0.0308     0.0015    0.0002   82.24   2309    Success 
  2400    -6427.0428     0.0429     0.0034    0.0009   87.26   2409    Success 
  2500    -6427.3228     0.0426     0.0027    0.0003   84.11   2509   IterLimit

 LBFGS  --  Incomplete Convergence due to IterLimit

 Final Function Value :        -6427.3228
 Final RMS Gradient :              0.0426
 Final Gradient Norm :             1.9518
